<?xml version="1.0" encoding="UTF-8"?>
<coverage generated="1635722348656" clover="3.2.0">
  <project timestamp="1635722348656" name="All files">
    <metrics statements="26" coveredstatements="20" conditionals="57" coveredconditionals="24" methods="8" coveredmethods="6" elements="91" coveredelements="50" complexity="0" loc="26" ncloc="26" packages="1" files="1" classes="1"/>
    <file name="CarService.ts" path="/home/urchmanlayode/microservice/carshair/src/api/CarService.ts">
      <metrics statements="26" coveredstatements="20" conditionals="57" coveredconditionals="24" methods="8" coveredmethods="6"/>
      <line num="1" count="1" type="stmt"/>
      <line num="4" count="1" type="stmt"/>
      <line num="5" count="2" type="stmt"/>
      <line num="7" count="2" type="stmt"/>
      <line num="9" count="2" type="cond" truecount="6" falsecount="2"/>
      <line num="10" count="1" type="cond" truecount="3" falsecount="1"/>
      <line num="11" count="3" type="cond" truecount="3" falsecount="1"/>
      <line num="14" count="1" type="stmt"/>
      <line num="15" count="1" type="stmt"/>
      <line num="19" count="1" type="stmt"/>
      <line num="21" count="2" type="stmt"/>
      <line num="24" count="2" type="stmt"/>
      <line num="25" count="2" type="cond" truecount="6" falsecount="2"/>
      <line num="26" count="1" type="cond" truecount="3" falsecount="1"/>
      <line num="32" count="3" type="cond" truecount="3" falsecount="1"/>
      <line num="35" count="1" type="stmt"/>
      <line num="36" count="1" type="stmt"/>
      <line num="40" count="1" type="stmt"/>
      <line num="42" count="0" type="stmt"/>
      <line num="43" count="0" type="cond" truecount="0" falsecount="8"/>
      <line num="44" count="0" type="stmt"/>
      <line num="46" count="0" type="stmt"/>
      <line num="52" count="0" type="stmt"/>
      <line num="54" count="0" type="cond" truecount="0" falsecount="1"/>
      <line num="56" count="1" type="stmt"/>
      <line num="58" count="1" type="stmt"/>
    </file>
  </project>
</coverage>
