{"/home/urchmanlayode/microservice/carshair/src/api/CarService.ts": {"path":"/home/urchmanlayode/microservice/carshair/src/api/CarService.ts","statementMap":{"0":{"start":{"line":1,"column":0},"end":{"line":1,"column":26}},"1":{"start":{"line":4,"column":0},"end":{"line":4,"column":null}},"2":{"start":{"line":5,"column":16},"end":{"line":17,"column":null}},"3":{"start":{"line":5,"column":29},"end":{"line":17,"column":null}},"4":{"start":{"line":7,"column":12},"end":{"line":8,"column":74}},"5":{"start":{"line":9,"column":18},"end":{"line":9,"column":39}},"6":{"start":{"line":9,"column":10},"end":{"line":9,"column":null}},"7":{"start":{"line":10,"column":6},"end":{"line":12,"column":8}},"8":{"start":{"line":11,"column":55},"end":{"line":11,"column":null}},"9":{"start":{"line":14,"column":6},"end":{"line":14,"column":25}},"10":{"start":{"line":15,"column":6},"end":{"line":15,"column":53}},"11":{"start":{"line":19,"column":16},"end":{"line":38,"column":null}},"12":{"start":{"line":21,"column":16},"end":{"line":38,"column":null}},"13":{"start":{"line":24,"column":12},"end":{"line":24,"column":124}},"14":{"start":{"line":25,"column":18},"end":{"line":25,"column":39}},"15":{"start":{"line":25,"column":10},"end":{"line":25,"column":null}},"16":{"start":{"line":26,"column":6},"end":{"line":33,"column":8}},"17":{"start":{"line":32,"column":14},"end":{"line":32,"column":null}},"18":{"start":{"line":35,"column":6},"end":{"line":35,"column":25}},"19":{"start":{"line":36,"column":6},"end":{"line":36,"column":53}},"20":{"start":{"line":40,"column":16},"end":{"line":55,"column":null}},"21":{"start":{"line":40,"column":52},"end":{"line":55,"column":null}},"22":{"start":{"line":42,"column":12},"end":{"line":42,"column":95}},"23":{"start":{"line":43,"column":20},"end":{"line":43,"column":41}},"24":{"start":{"line":43,"column":11},"end":{"line":43,"column":19}},"25":{"start":{"line":46,"column":6},"end":{"line":50,"column":8}},"26":{"start":{"line":52,"column":6},"end":{"line":52,"column":25}},"27":{"start":{"line":53,"column":6},"end":{"line":53,"column":53}},"28":{"start":{"line":56,"column":0},"end":{"line":56,"column":null}},"29":{"start":{"line":58,"column":0},"end":{"line":58,"column":26}}},"fnMap":{"0":{"name":"(anonymous_14)","decl":{"start":{"line":4,"column":0},"end":{"line":4,"column":null}},"loc":{"start":{"line":4,"column":0},"end":{"line":4,"column":null}}},"1":{"name":"(anonymous_16)","decl":{"start":{"line":5,"column":29},"end":{"line":5,"column":null}},"loc":{"start":{"line":5,"column":29},"end":{"line":17,"column":null}}},"2":{"name":"(anonymous_19)","decl":{"start":{"line":11,"column":8},"end":{"line":11,"column":9}},"loc":{"start":{"line":11,"column":50},"end":{"line":11,"column":56}}},"3":{"name":"(anonymous_20)","decl":{"start":{"line":19,"column":31},"end":{"line":19,"column":null}},"loc":{"start":{"line":21,"column":16},"end":{"line":38,"column":null}}},"4":{"name":"(anonymous_21)","decl":{"start":{"line":21,"column":16},"end":{"line":21,"column":null}},"loc":{"start":{"line":21,"column":16},"end":{"line":38,"column":null}}},"5":{"name":"(anonymous_23)","decl":{"start":{"line":27,"column":8},"end":{"line":27,"column":9}},"loc":{"start":{"line":32,"column":9},"end":{"line":32,"column":15}}},"6":{"name":"(anonymous_24)","decl":{"start":{"line":40,"column":34},"end":{"line":40,"column":41}},"loc":{"start":{"line":40,"column":52},"end":{"line":55,"column":null}}},"7":{"name":"(anonymous_25)","decl":{"start":{"line":40,"column":52},"end":{"line":40,"column":null}},"loc":{"start":{"line":40,"column":52},"end":{"line":55,"column":null}}}},"branchMap":{"0":{"loc":{"start":{"line":9,"column":17},"end":{"line":9,"column":54}},"type":"cond-expr","locations":[{"start":{"line":9,"column":45},"end":{"line":9,"column":47}},{"start":{"line":9,"column":45},"end":{"line":9,"column":54}}]},"1":{"loc":{"start":{"line":9,"column":17},"end":{"line":9,"column":47}},"type":"binary-expr","locations":[{"start":{"line":9,"column":17},"end":{"line":9,"column":47}},{"start":{"line":9,"column":45},"end":{"line":9,"column":47}}]},"2":{"loc":{"start":{"line":9,"column":17},"end":{"line":9,"column":45}},"type":"cond-expr","locations":[{"start":{"line":9,"column":39},"end":{"line":9,"column":41}},{"start":{"line":9,"column":39},"end":{"line":9,"column":45}}]},"3":{"loc":{"start":{"line":9,"column":17},"end":{"line":9,"column":41}},"type":"binary-expr","locations":[{"start":{"line":9,"column":17},"end":{"line":9,"column":41}},{"start":{"line":9,"column":39},"end":{"line":9,"column":41}}]},"4":{"loc":{"start":{"line":10,"column":13},"end":{"line":11,"column":null}},"type":"cond-expr","locations":[{"start":{"line":10,"column":17},"end":{"line":10,"column":19}},{"start":{"line":10,"column":13},"end":{"line":11,"column":null}}]},"5":{"loc":{"start":{"line":10,"column":13},"end":{"line":10,"column":19}},"type":"binary-expr","locations":[{"start":{"line":10,"column":13},"end":{"line":10,"column":19}},{"start":{"line":10,"column":13},"end":{"line":10,"column":19}}]},"6":{"loc":{"start":{"line":11,"column":55},"end":{"line":11,"column":67}},"type":"cond-expr","locations":[{"start":{"line":11,"column":56},"end":{"line":11,"column":58}},{"start":{"line":11,"column":55},"end":{"line":11,"column":67}}]},"7":{"loc":{"start":{"line":11,"column":55},"end":{"line":11,"column":58}},"type":"binary-expr","locations":[{"start":{"line":11,"column":55},"end":{"line":11,"column":58}},{"start":{"line":11,"column":55},"end":{"line":11,"column":58}}]},"8":{"loc":{"start":{"line":25,"column":17},"end":{"line":25,"column":54}},"type":"cond-expr","locations":[{"start":{"line":25,"column":45},"end":{"line":25,"column":47}},{"start":{"line":25,"column":45},"end":{"line":25,"column":54}}]},"9":{"loc":{"start":{"line":25,"column":17},"end":{"line":25,"column":47}},"type":"binary-expr","locations":[{"start":{"line":25,"column":17},"end":{"line":25,"column":47}},{"start":{"line":25,"column":45},"end":{"line":25,"column":47}}]},"10":{"loc":{"start":{"line":25,"column":17},"end":{"line":25,"column":45}},"type":"cond-expr","locations":[{"start":{"line":25,"column":39},"end":{"line":25,"column":41}},{"start":{"line":25,"column":39},"end":{"line":25,"column":45}}]},"11":{"loc":{"start":{"line":25,"column":17},"end":{"line":25,"column":41}},"type":"binary-expr","locations":[{"start":{"line":25,"column":17},"end":{"line":25,"column":41}},{"start":{"line":25,"column":39},"end":{"line":25,"column":41}}]},"12":{"loc":{"start":{"line":26,"column":13},"end":{"line":32,"column":null}},"type":"cond-expr","locations":[{"start":{"line":26,"column":17},"end":{"line":26,"column":19}},{"start":{"line":26,"column":13},"end":{"line":32,"column":null}}]},"13":{"loc":{"start":{"line":26,"column":13},"end":{"line":26,"column":19}},"type":"binary-expr","locations":[{"start":{"line":26,"column":13},"end":{"line":26,"column":19}},{"start":{"line":26,"column":13},"end":{"line":26,"column":19}}]},"14":{"loc":{"start":{"line":32,"column":14},"end":{"line":32,"column":27}},"type":"cond-expr","locations":[{"start":{"line":32,"column":15},"end":{"line":32,"column":17}},{"start":{"line":32,"column":14},"end":{"line":32,"column":27}}]},"15":{"loc":{"start":{"line":32,"column":14},"end":{"line":32,"column":17}},"type":"binary-expr","locations":[{"start":{"line":32,"column":14},"end":{"line":32,"column":17}},{"start":{"line":32,"column":14},"end":{"line":32,"column":17}}]},"16":{"loc":{"start":{"line":43,"column":19},"end":{"line":43,"column":56}},"type":"cond-expr","locations":[{"start":{"line":43,"column":47},"end":{"line":43,"column":49}},{"start":{"line":43,"column":47},"end":{"line":43,"column":56}}]},"17":{"loc":{"start":{"line":43,"column":19},"end":{"line":43,"column":49}},"type":"binary-expr","locations":[{"start":{"line":43,"column":19},"end":{"line":43,"column":49}},{"start":{"line":43,"column":47},"end":{"line":43,"column":49}}]},"18":{"loc":{"start":{"line":43,"column":19},"end":{"line":43,"column":47}},"type":"cond-expr","locations":[{"start":{"line":43,"column":41},"end":{"line":43,"column":43}},{"start":{"line":43,"column":41},"end":{"line":43,"column":47}}]},"19":{"loc":{"start":{"line":43,"column":19},"end":{"line":43,"column":43}},"type":"binary-expr","locations":[{"start":{"line":43,"column":19},"end":{"line":43,"column":43}},{"start":{"line":43,"column":41},"end":{"line":43,"column":43}}]},"20":{"loc":{"start":{"line":47,"column":14},"end":{"line":47,"column":32}},"type":"cond-expr","locations":[{"start":{"line":47,"column":24},"end":{"line":47,"column":28}},{"start":{"line":47,"column":28},"end":{"line":47,"column":32}}]},"21":{"loc":{"start":{"line":47,"column":14},"end":{"line":47,"column":28}},"type":"binary-expr","locations":[{"start":{"line":47,"column":14},"end":{"line":47,"column":28}},{"start":{"line":47,"column":24},"end":{"line":47,"column":28}}]},"22":{"loc":{"start":{"line":47,"column":14},"end":{"line":47,"column":24}},"type":"cond-expr","locations":[{"start":{"line":47,"column":18},"end":{"line":47,"column":20}},{"start":{"line":47,"column":14},"end":{"line":47,"column":24}}]},"23":{"loc":{"start":{"line":47,"column":14},"end":{"line":47,"column":20}},"type":"binary-expr","locations":[{"start":{"line":47,"column":14},"end":{"line":47,"column":20}},{"start":{"line":47,"column":14},"end":{"line":47,"column":20}}]},"24":{"loc":{"start":{"line":48,"column":15},"end":{"line":48,"column":26}},"type":"cond-expr","locations":[{"start":{"line":48,"column":19},"end":{"line":48,"column":21}},{"start":{"line":48,"column":15},"end":{"line":48,"column":26}}]},"25":{"loc":{"start":{"line":48,"column":15},"end":{"line":48,"column":21}},"type":"binary-expr","locations":[{"start":{"line":48,"column":15},"end":{"line":48,"column":21}},{"start":{"line":48,"column":15},"end":{"line":48,"column":21}}]},"26":{"loc":{"start":{"line":49,"column":14},"end":{"line":49,"column":29}},"type":"cond-expr","locations":[{"start":{"line":49,"column":18},"end":{"line":49,"column":20}},{"start":{"line":49,"column":14},"end":{"line":49,"column":29}}]},"27":{"loc":{"start":{"line":49,"column":14},"end":{"line":49,"column":20}},"type":"binary-expr","locations":[{"start":{"line":49,"column":14},"end":{"line":49,"column":20}},{"start":{"line":49,"column":14},"end":{"line":49,"column":20}}]}},"s":{"0":1,"1":1,"2":1,"3":2,"4":2,"5":2,"6":2,"7":1,"8":3,"9":1,"10":1,"11":1,"12":2,"13":2,"14":2,"15":2,"16":1,"17":3,"18":1,"19":1,"20":1,"21":6,"22":6,"23":6,"24":6,"25":5,"26":1,"27":1,"28":1,"29":1},"f":{"0":1,"1":4,"2":3,"3":2,"4":2,"5":3,"6":6,"7":6},"b":{"0":[0,1],"1":[2,1],"2":[0,1],"3":[2,1],"4":[0,1],"5":[1,1],"6":[0,3],"7":[3,3],"8":[0,1],"9":[2,1],"10":[0,1],"11":[2,1],"12":[0,1],"13":[1,1],"14":[0,3],"15":[3,3],"16":[0,5],"17":[6,5],"18":[0,5],"19":[6,5],"20":[5,0],"21":[5,5],"22":[0,5],"23":[5,5],"24":[0,5],"25":[5,5],"26":[0,5],"27":[5,5]}}
,"/home/urchmanlayode/microservice/carshair/src/mockData/mockData.ts": {"path":"/home/urchmanlayode/microservice/carshair/src/mockData/mockData.ts","statementMap":{"0":{"start":{"line":1,"column":0},"end":{"line":1,"column":65}},"1":{"start":{"line":2,"column":0},"end":{"line":2,"column":65}},"2":{"start":{"line":3,"column":0},"end":{"line":3,"column":67}},"3":{"start":{"line":5,"column":0},"end":{"line":5,"column":62}},"4":{"start":{"line":8,"column":23},"end":{"line":24,"column":1}},"5":{"start":{"line":10,"column":4},"end":{"line":23,"column":null}},"6":{"start":{"line":12,"column":12},"end":{"line":12,"column":null}},"7":{"start":{"line":13,"column":12},"end":{"line":13,"column":71}},"8":{"start":{"line":15,"column":12},"end":{"line":15,"column":null}},"9":{"start":{"line":16,"column":12},"end":{"line":16,"column":71}},"10":{"start":{"line":18,"column":12},"end":{"line":18,"column":null}},"11":{"start":{"line":19,"column":12},"end":{"line":19,"column":73}},"12":{"start":{"line":21,"column":12},"end":{"line":21,"column":null}},"13":{"start":{"line":22,"column":12},"end":{"line":22,"column":75}},"14":{"start":{"line":26,"column":26},"end":{"line":28,"column":1}},"15":{"start":{"line":27,"column":4},"end":{"line":27,"column":null}},"16":{"start":{"line":30,"column":0},"end":{"line":30,"column":30}}},"fnMap":{"0":{"name":"(anonymous_1)","decl":{"start":{"line":8,"column":23},"end":{"line":8,"column":24}},"loc":{"start":{"line":8,"column":35},"end":{"line":24,"column":1}}},"1":{"name":"(anonymous_2)","decl":{"start":{"line":26,"column":26},"end":{"line":26,"column":27}},"loc":{"start":{"line":26,"column":40},"end":{"line":28,"column":1}}}},"branchMap":{"0":{"loc":{"start":{"line":10,"column":4},"end":{"line":23,"column":null}},"type":"switch","locations":[{"start":{"line":11,"column":8},"end":{"line":13,"column":71}},{"start":{"line":14,"column":8},"end":{"line":16,"column":71}},{"start":{"line":17,"column":8},"end":{"line":19,"column":73}},{"start":{"line":20,"column":8},"end":{"line":22,"column":75}}]}},"s":{"0":1,"1":1,"2":1,"3":1,"4":1,"5":10,"6":2,"7":2,"8":2,"9":2,"10":2,"11":2,"12":4,"13":4,"14":1,"15":10,"16":1},"f":{"0":10,"1":10},"b":{"0":[2,2,2,4]}}
}
