TN:
SF:src\api\CarService.ts
FN:4,(anonymous_14)
FN:5,(anonymous_16)
FN:11,(anonymous_19)
FN:19,(anonymous_20)
FN:21,(anonymous_21)
FN:27,(anonymous_23)
FN:40,(anonymous_24)
FN:40,(anonymous_25)
FNF:8
FNH:3
FNDA:1,(anonymous_14)
FNDA:2,(anonymous_16)
FNDA:3,(anonymous_19)
FNDA:0,(anonymous_20)
FNDA:0,(anonymous_21)
FNDA:0,(anonymous_23)
FNDA:0,(anonymous_24)
FNDA:0,(anonymous_25)
DA:1,1
DA:4,1
DA:5,1
DA:7,1
DA:9,1
DA:10,1
DA:11,3
DA:14,0
DA:16,0
DA:19,1
DA:21,0
DA:24,0
DA:25,0
DA:26,0
DA:32,0
DA:35,0
DA:37,0
DA:40,1
DA:42,0
DA:43,0
DA:44,0
DA:46,0
DA:52,0
DA:54,0
DA:56,1
DA:58,1
LF:26
LH:11
BRDA:16,0,0,0
BRDA:9,1,0,0
BRDA:9,1,1,1
BRDA:9,2,0,1
BRDA:9,2,1,1
BRDA:9,3,0,0
BRDA:9,3,1,1
BRDA:9,4,0,1
BRDA:9,4,1,1
BRDA:10,5,0,0
BRDA:10,5,1,1
BRDA:10,6,0,1
BRDA:10,6,1,1
BRDA:11,7,0,0
BRDA:11,7,1,3
BRDA:11,8,0,3
BRDA:11,8,1,3
BRDA:37,9,0,0
BRDA:25,10,0,0
BRDA:25,10,1,0
BRDA:25,11,0,0
BRDA:25,11,1,0
BRDA:25,12,0,0
BRDA:25,12,1,0
BRDA:25,13,0,0
BRDA:25,13,1,0
BRDA:26,14,0,0
BRDA:26,14,1,0
BRDA:26,15,0,0
BRDA:26,15,1,0
BRDA:32,16,0,0
BRDA:32,16,1,0
BRDA:32,17,0,0
BRDA:32,17,1,0
BRDA:54,18,0,0
BRDA:43,19,0,0
BRDA:43,19,1,0
BRDA:43,20,0,0
BRDA:43,20,1,0
BRDA:43,21,0,0
BRDA:43,21,1,0
BRDA:43,22,0,0
BRDA:43,22,1,0
BRDA:47,23,0,0
BRDA:47,23,1,0
BRDA:47,24,0,0
BRDA:47,24,1,0
BRDA:47,25,0,0
BRDA:47,25,1,0
BRDA:47,26,0,0
BRDA:47,26,1,0
BRDA:48,27,0,0
BRDA:48,27,1,0
BRDA:48,28,0,0
BRDA:48,28,1,0
BRDA:49,29,0,0
BRDA:49,29,1,0
BRDA:49,30,0,0
BRDA:49,30,1,0
BRF:59
BRH:12
end_of_record
